D:\Dev\DumbFramework\\build\msvc\Debug\DumbFramework.exe
D:\Dev\DumbFramework\\build\msvc\Debug\DumbFramework.ilk
D:\Dev\DumbFramework\\build\msvc\Debug\DumbFramework.pdb
D:\DEV\DUMBFRAMEWORK\BUILD\MSVC\DEBUG\DUMBFRAMEWORK.EXE
D:\DEV\DUMBFRAMEWORK\BUILD\MSVC\DEBUG\DUMBFRAMEWORK.ILK
D:\DEV\DUMBFRAMEWORK\BUILD\MSVC\DEBUG\DUMBFRAMEWORK.PDB
D:\DEV\DUMBFRAMEWORK\BUILD\MSVC\TMP\DEBUG\BUFFEROBJECT.OBJ
D:\Dev\DumbFramework\build\msvc\tmp\Debug\cl.command.1.tlog
D:\Dev\DumbFramework\build\msvc\tmp\Debug\CL.read.1.tlog
D:\Dev\DumbFramework\build\msvc\tmp\Debug\CL.write.1.tlog
D:\DEV\DUMBFRAMEWORK\BUILD\MSVC\TMP\DEBUG\DUMBFRAMEWORK.EXE.INTERMEDIATE.MANIFEST
D:\Dev\DumbFramework\build\msvc\tmp\Debug\DumbFramework.write.1.tlog
D:\DEV\DUMBFRAMEWORK\BUILD\MSVC\TMP\DEBUG\FILE.OBJ
D:\DEV\DUMBFRAMEWORK\BUILD\MSVC\TMP\DEBUG\GEOMETRY.OBJ
D:\Dev\DumbFramework\build\msvc\tmp\Debug\link.command.1.tlog
D:\Dev\DumbFramework\build\msvc\tmp\Debug\link.read.1.tlog
D:\Dev\DumbFramework\build\msvc\tmp\Debug\link.write.1.tlog
D:\DEV\DUMBFRAMEWORK\BUILD\MSVC\TMP\DEBUG\LOG.OBJ
D:\DEV\DUMBFRAMEWORK\BUILD\MSVC\TMP\DEBUG\MATERIAL.OBJ
D:\DEV\DUMBFRAMEWORK\BUILD\MSVC\TMP\DEBUG\MATTEST.OBJ
D:\Dev\DumbFramework\build\msvc\tmp\Debug\mt.command.1.tlog
D:\Dev\DumbFramework\build\msvc\tmp\Debug\mt.read.1.tlog
D:\Dev\DumbFramework\build\msvc\tmp\Debug\mt.write.1.tlog
D:\DEV\DUMBFRAMEWORK\BUILD\MSVC\TMP\DEBUG\PROGRAM.OBJ
D:\DEV\DUMBFRAMEWORK\BUILD\MSVC\TMP\DEBUG\SHADER.OBJ
D:\Dev\DumbFramework\build\msvc\tmp\Debug\vc100.idb
D:\DEV\DUMBFRAMEWORK\BUILD\MSVC\TMP\DEBUG\VC100.PDB
D:\DEV\DUMBFRAMEWORK\BUILD\MSVC\TMP\DEBUG\WINDOWHINT.OBJ
